Using pre-set license
Built from '2020.3/staging' branch; Version is '2020.3.10f1 (297d780c91bc) revision 2719096'; Using compiler version '192528614'; Build Type 'Release'
OS: 'Windows 10 Home; OS build 19042.1052; Version 2009; 64bit' Language: 'en' Physical Memory: 16201 MB
BatchMode: 1, IsHumanControllingUs: 0, StartBugReporterOnCrash: 0, Is64bit: 1, IsPro: 0

 COMMAND LINE ARGUMENTS:
C:\Program Files\Unity\Hub\Editor\2020.3.10f1\Editor\Unity.exe
-adb2
-batchMode
-noUpm
-name
AssetImportWorker0
-projectPath
C:/Users/14122/Documents/XR_Projects/SmallGames/New Unity Project
-logFile
Logs/AssetImportWorker0.log
-srvPort
49828
Successfully changed project path to: C:/Users/14122/Documents/XR_Projects/SmallGames/New Unity Project
C:/Users/14122/Documents/XR_Projects/SmallGames/New Unity Project
Using Asset Import Pipeline V2.
Refreshing native plugins compatible for Editor in 126.22 ms, found 2 plugins.
Preloading 0 native plugins for Editor in 0.00 ms.
Initialize engine version: 2020.3.10f1 (297d780c91bc)
[Subsystems] Discovering subsystems at path C:/Program Files/Unity/Hub/Editor/2020.3.10f1/Editor/Data/Resources/UnitySubsystems
[Subsystems] Discovering subsystems at path C:/Users/14122/Documents/XR_Projects/SmallGames/New Unity Project/Assets
GfxDevice: creating device client; threaded=0
Direct3D:
    Version:  Direct3D 11.0 [level 11.1]
    Renderer: NVIDIA GeForce RTX 2060 (ID=0x1f15)
    Vendor:   
    VRAM:     5980 MB
    Driver:   26.21.14.4280
Initialize mono
Mono path[0] = 'C:/Program Files/Unity/Hub/Editor/2020.3.10f1/Editor/Data/Managed'
Mono path[1] = 'C:/Program Files/Unity/Hub/Editor/2020.3.10f1/Editor/Data/MonoBleedingEdge/lib/mono/unityjit'
Mono config path = 'C:/Program Files/Unity/Hub/Editor/2020.3.10f1/Editor/Data/MonoBleedingEdge/etc'
Using monoOptions --debugger-agent=transport=dt_socket,embedding=1,server=y,suspend=n,address=127.0.0.1:56628
Begin MonoManager ReloadAssembly
Registering precompiled unity dll's ...
Register platform support module: C:/Program Files/Unity/Hub/Editor/2020.3.10f1/Editor/Data/PlaybackEngines/WindowsStandaloneSupport/UnityEditor.WindowsStandalone.Extensions.dll
Registered in 0.004109 seconds.
Native extension for WindowsStandalone target not found
Refreshing native plugins compatible for Editor in 94.03 ms, found 2 plugins.
Preloading 0 native plugins for Editor in 0.00 ms.
Mono: successfully reloaded assembly
- Completed reload, in  4.107 seconds
Platform modules already initialized, skipping
Registering precompiled user dll's ...
Registered in 0.006797 seconds.
Begin MonoManager ReloadAssembly
Native extension for WindowsStandalone target not found
Refreshing native plugins compatible for Editor in 82.37 ms, found 2 plugins.
Preloading 0 native plugins for Editor in 0.00 ms.
Mono: successfully reloaded assembly
- Completed reload, in  2.475 seconds
Platform modules already initialized, skipping
========================================================================
Worker process is ready to serve import requests
Shader 'Universal Render Pipeline/Particles/Lit': fallback shader 'Universal Render Pipeline/Particles/SimpleLit' not found
Shader 'Universal Render Pipeline/Particles/Lit': fallback shader 'Universal Render Pipeline/Particles/SimpleLit' not found
Launched and connected shader compiler UnityShaderCompiler.exe after 0.07 seconds
Refreshing native plugins compatible for Editor in 0.57 ms, found 2 plugins.
Preloading 0 native plugins for Editor in 0.00 ms.
Unloading 2691 Unused Serialized files (Serialized files now loaded: 0)
System memory in use before: 120.6 MB.
System memory in use after: 117.8 MB.

Unloading 55 unused Assets to reduce memory usage. Loaded Objects now: 3087.
Total: 5.117900 ms (FindLiveObjects: 0.337200 ms CreateObjectMapping: 0.232100 ms MarkObjects: 2.533500 ms  DeleteObjects: 2.013600 ms)

========================================================================
Received Import Request.
  path: Assets/Readme.asset
  artifactKey: Guid(83c2ed844a8c74b779a4c823d16594b1) Importer(815301076,1909f56bfc062723c751e8b465ee728b)
Start importing Assets/Readme.asset using Guid(83c2ed844a8c74b779a4c823d16594b1) Importer(815301076,1909f56bfc062723c751e8b465ee728b)  -> (artifact id: '8ffd2c44ffeb50c574abb5d0c4453328') in 0.049160 seconds
  Import took 0.056953 seconds .

========================================================================
Received Import Request.
  Time since last request: 16.373472 seconds.
  path: Assets/Scenes/SampleScene.unity
  artifactKey: Guid(d1c3109bdb54ad54c8a2b2838528e640) Importer(815301076,1909f56bfc062723c751e8b465ee728b)
Start importing Assets/Scenes/SampleScene.unity using Guid(d1c3109bdb54ad54c8a2b2838528e640) Importer(815301076,1909f56bfc062723c751e8b465ee728b)  -> (artifact id: '1a7c01bc8ed57adf1ede3d700e613d7f') in 0.005874 seconds
  Import took 0.012845 seconds .

========================================================================
Received Import Request.
  Time since last request: 0.008173 seconds.
  path: Assets/Scenes/SampleScene.unity
  artifactKey: Guid(d1c3109bdb54ad54c8a2b2838528e640) Importer(815301076,1909f56bfc062723c751e8b465ee728b)
Start importing Assets/Scenes/SampleScene.unity using Guid(d1c3109bdb54ad54c8a2b2838528e640) Importer(815301076,1909f56bfc062723c751e8b465ee728b)  -> (artifact id: '1a7c01bc8ed57adf1ede3d700e613d7f') in 0.005688 seconds
  Import took 0.013089 seconds .

========================================================================
Received Import Request.
  Time since last request: 42.554331 seconds.
  path: Assets/Scenes/ThreeMonsters.unity
  artifactKey: Guid(1b7f39602cf477c4dacdd0217fec6857) Importer(815301076,1909f56bfc062723c751e8b465ee728b)
Start importing Assets/Scenes/ThreeMonsters.unity using Guid(1b7f39602cf477c4dacdd0217fec6857) Importer(815301076,1909f56bfc062723c751e8b465ee728b)  -> (artifact id: '686e800ac55c9b57d0c2ebd18d052dd9') in 0.003964 seconds
  Import took 0.011319 seconds .

========================================================================
Received Import Request.
  Time since last request: 0.232243 seconds.
  path: Assets/Scenes/ThreeMonsters.unity
  artifactKey: Guid(1b7f39602cf477c4dacdd0217fec6857) Importer(815301076,1909f56bfc062723c751e8b465ee728b)
Start importing Assets/Scenes/ThreeMonsters.unity using Guid(1b7f39602cf477c4dacdd0217fec6857) Importer(815301076,1909f56bfc062723c751e8b465ee728b)  -> (artifact id: '686e800ac55c9b57d0c2ebd18d052dd9') in 0.005410 seconds
  Import took 0.014167 seconds .

========================================================================
Received Import Request.
  Time since last request: 99.186961 seconds.
  path: Assets/Materials/Skybox_Mat.mat
  artifactKey: Guid(0ffaa0b7117ba8c47a9d05ae701d4b4d) Importer(815301076,1909f56bfc062723c751e8b465ee728b)
Start importing Assets/Materials/Skybox_Mat.mat using Guid(0ffaa0b7117ba8c47a9d05ae701d4b4d) Importer(815301076,1909f56bfc062723c751e8b465ee728b)  -> (artifact id: '4d54ab3375f41efad00566dcae11def2') in 0.176729 seconds
  Import took 0.182134 seconds .

========================================================================
Received Import Request.
  Time since last request: 117.588750 seconds.
  path: Assets/Scripts
  artifactKey: Guid(02a3527b6b33a924e8ec66aa805ea717) Importer(815301076,1909f56bfc062723c751e8b465ee728b)
Start importing Assets/Scripts using Guid(02a3527b6b33a924e8ec66aa805ea717) Importer(815301076,1909f56bfc062723c751e8b465ee728b)  -> (artifact id: 'f0a913a0049096cde5d6a727232f232f') in 0.003544 seconds
  Import took 0.007796 seconds .

========================================================================
Received Import Request.
  Time since last request: 28.014148 seconds.
  path: Assets/Scripts/Monster.cs
  artifactKey: Guid(8e688094545d7ce4fafabbf9d5ac27db) Importer(815301076,1909f56bfc062723c751e8b465ee728b)
Start importing Assets/Scripts/Monster.cs using Guid(8e688094545d7ce4fafabbf9d5ac27db) Importer(815301076,1909f56bfc062723c751e8b465ee728b)  -> (artifact id: '51beb734bcfea9725c068046be1ea66b') in 0.014347 seconds
  Import took 0.020097 seconds .

========================================================================
Received Prepare
Registering precompiled user dll's ...
Registered in 0.004554 seconds.
Begin MonoManager ReloadAssembly
Native extension for WindowsStandalone target not found
Refreshing native plugins compatible for Editor in 0.70 ms, found 2 plugins.
Preloading 0 native plugins for Editor in 0.00 ms.
Mono: successfully reloaded assembly
- Completed reload, in  1.064 seconds
Platform modules already initialized, skipping
Shader 'Universal Render Pipeline/Particles/Lit': fallback shader 'Universal Render Pipeline/Particles/SimpleLit' not found
Shader 'Universal Render Pipeline/Particles/Lit': fallback shader 'Universal Render Pipeline/Particles/SimpleLit' not found
Refreshing native plugins compatible for Editor in 0.47 ms, found 2 plugins.
Preloading 0 native plugins for Editor in 0.00 ms.
Unloading 2619 Unused Serialized files (Serialized files now loaded: 0)
System memory in use before: 122.4 MB.
System memory in use after: 119.7 MB.

Unloading 50 unused Assets to reduce memory usage. Loaded Objects now: 3169.
Total: 3.709200 ms (FindLiveObjects: 0.277900 ms CreateObjectMapping: 0.131900 ms MarkObjects: 1.962000 ms  DeleteObjects: 1.336500 ms)

========================================================================
Received Import Request.
  Time since last request: 263.140903 seconds.
  path: Assets/Scripts/MonsterController.cs
  artifactKey: Guid(558ac015603c3ca45967ef592f8674bb) Importer(815301076,1909f56bfc062723c751e8b465ee728b)
Start importing Assets/Scripts/MonsterController.cs using Guid(558ac015603c3ca45967ef592f8674bb) Importer(815301076,1909f56bfc062723c751e8b465ee728b)  -> (artifact id: 'e70b79619b4a7433a00d4d1747428aa9') in 0.007570 seconds
  Import took 0.012818 seconds .

========================================================================
Received Import Request.
  Time since last request: 0.001641 seconds.
  path: Assets/Scripts/MonsterController.cs
  artifactKey: Guid(558ac015603c3ca45967ef592f8674bb) Importer(815301076,1909f56bfc062723c751e8b465ee728b)
Start importing Assets/Scripts/MonsterController.cs using Guid(558ac015603c3ca45967ef592f8674bb) Importer(815301076,1909f56bfc062723c751e8b465ee728b)  -> (artifact id: 'e70b79619b4a7433a00d4d1747428aa9') in 0.002112 seconds
  Import took 0.005940 seconds .

========================================================================
Received Prepare
Registering precompiled user dll's ...
Registered in 0.004226 seconds.
Begin MonoManager ReloadAssembly
Native extension for WindowsStandalone target not found
Refreshing native plugins compatible for Editor in 0.52 ms, found 2 plugins.
Preloading 0 native plugins for Editor in 0.00 ms.
Mono: successfully reloaded assembly
- Completed reload, in  1.064 seconds
Platform modules already initialized, skipping
Shader 'Universal Render Pipeline/Particles/Lit': fallback shader 'Universal Render Pipeline/Particles/SimpleLit' not found
Shader 'Universal Render Pipeline/Particles/Lit': fallback shader 'Universal Render Pipeline/Particles/SimpleLit' not found
Refreshing native plugins compatible for Editor in 0.48 ms, found 2 plugins.
Preloading 0 native plugins for Editor in 0.00 ms.
Unloading 2620 Unused Serialized files (Serialized files now loaded: 0)
System memory in use before: 122.6 MB.
System memory in use after: 119.9 MB.

Unloading 50 unused Assets to reduce memory usage. Loaded Objects now: 3173.
Total: 4.010900 ms (FindLiveObjects: 0.328600 ms CreateObjectMapping: 0.188600 ms MarkObjects: 2.159400 ms  DeleteObjects: 1.332400 ms)

========================================================================
Received Import Request.
  Time since last request: 547.013477 seconds.
  path: Assets/Scripts/MonsterController.cs
  artifactKey: Guid(558ac015603c3ca45967ef592f8674bb) Importer(815301076,1909f56bfc062723c751e8b465ee728b)
Start importing Assets/Scripts/MonsterController.cs using Guid(558ac015603c3ca45967ef592f8674bb) Importer(815301076,1909f56bfc062723c751e8b465ee728b)  -> (artifact id: '547aea003c27a8d49fc5a877473ead45') in 0.006841 seconds
  Import took 0.011897 seconds .

========================================================================
Received Import Request.
  Time since last request: 0.078185 seconds.
  path: Assets/Scripts/MonsterController.cs
  artifactKey: Guid(558ac015603c3ca45967ef592f8674bb) Importer(815301076,1909f56bfc062723c751e8b465ee728b)
Start importing Assets/Scripts/MonsterController.cs using Guid(558ac015603c3ca45967ef592f8674bb) Importer(815301076,1909f56bfc062723c751e8b465ee728b)  -> (artifact id: '547aea003c27a8d49fc5a877473ead45') in 0.002273 seconds
  Import took 0.006796 seconds .

========================================================================
Received Prepare
Registering precompiled user dll's ...
Registered in 0.003628 seconds.
Begin MonoManager ReloadAssembly
Native extension for WindowsStandalone target not found
Refreshing native plugins compatible for Editor in 0.45 ms, found 2 plugins.
Preloading 0 native plugins for Editor in 0.00 ms.
Mono: successfully reloaded assembly
- Completed reload, in  0.970 seconds
Platform modules already initialized, skipping
Shader 'Universal Render Pipeline/Particles/Lit': fallback shader 'Universal Render Pipeline/Particles/SimpleLit' not found
Shader 'Universal Render Pipeline/Particles/Lit': fallback shader 'Universal Render Pipeline/Particles/SimpleLit' not found
Refreshing native plugins compatible for Editor in 0.47 ms, found 2 plugins.
Preloading 0 native plugins for Editor in 0.00 ms.
Unloading 2620 Unused Serialized files (Serialized files now loaded: 0)
System memory in use before: 122.7 MB.
System memory in use after: 119.9 MB.

Unloading 50 unused Assets to reduce memory usage. Loaded Objects now: 3176.
Total: 3.326500 ms (FindLiveObjects: 0.347000 ms CreateObjectMapping: 0.142200 ms MarkObjects: 1.600300 ms  DeleteObjects: 1.236100 ms)

========================================================================
Received Import Request.
  Time since last request: 93.007412 seconds.
  path: Assets/Person.prefab
  artifactKey: Guid(5892321a0462c484fb3b5f037bc8f86b) Importer(815301076,1909f56bfc062723c751e8b465ee728b)
Start importing Assets/Person.prefab using Guid(5892321a0462c484fb3b5f037bc8f86b) Importer(815301076,1909f56bfc062723c751e8b465ee728b)  -> (artifact id: 'd9354c11afd1b5d725c3f4e716077ea7') in 0.159835 seconds
  Import took 0.164847 seconds .

========================================================================
Received Import Request.
  Time since last request: 0.000304 seconds.
  path: Assets/Tree.prefab
  artifactKey: Guid(080f6fc0b8c4906408053da1e39ad1f3) Importer(815301076,1909f56bfc062723c751e8b465ee728b)
Start importing Assets/Tree.prefab using Guid(080f6fc0b8c4906408053da1e39ad1f3) Importer(815301076,1909f56bfc062723c751e8b465ee728b)  -> (artifact id: '123cee4bf8ea8cd4cb02270b9334ede8') in 0.278337 seconds
  Import took 0.281913 seconds .

========================================================================
Received Import Request.
  Time since last request: 2.497942 seconds.
  path: Assets/Sphere.prefab
  artifactKey: Guid(88c83059c47955146bb2e9f49ca6f03a) Importer(815301076,1909f56bfc062723c751e8b465ee728b)
Start importing Assets/Sphere.prefab using Guid(88c83059c47955146bb2e9f49ca6f03a) Importer(815301076,1909f56bfc062723c751e8b465ee728b)  -> (artifact id: '63a38a532da44782f7589e8cca54500b') in 0.008634 seconds
  Import took 0.013066 seconds .

========================================================================
Received Import Request.
  Time since last request: 2.127025 seconds.
  path: Assets/MirrorCube.prefab
  artifactKey: Guid(2452659566ba7f54ba33a8272b763545) Importer(815301076,1909f56bfc062723c751e8b465ee728b)
Start importing Assets/MirrorCube.prefab using Guid(2452659566ba7f54ba33a8272b763545) Importer(815301076,1909f56bfc062723c751e8b465ee728b)  -> (artifact id: '5f06c9bb8f7fb53b76737a80ab238eb1') in 0.013248 seconds
  Import took 0.017671 seconds .

========================================================================
Received Import Request.
  Time since last request: 2.574656 seconds.
  path: Assets/Cube.prefab
  artifactKey: Guid(a7793d23b7a99f842bcdcd0d44713dc0) Importer(815301076,1909f56bfc062723c751e8b465ee728b)
Start importing Assets/Cube.prefab using Guid(a7793d23b7a99f842bcdcd0d44713dc0) Importer(815301076,1909f56bfc062723c751e8b465ee728b)  -> (artifact id: '4130c77853a2e6334989a634cc4ca982') in 0.009594 seconds
  Import took 0.014090 seconds .

========================================================================
Received Import Request.
  Time since last request: 9.830668 seconds.
  path: Assets
  artifactKey: Guid(00000000000000001000000000000000) Importer(815301076,1909f56bfc062723c751e8b465ee728b)
Start importing Assets using Guid(00000000000000001000000000000000) Importer(815301076,1909f56bfc062723c751e8b465ee728b)  -> (artifact id: '42d402b061de3733987d63b9cc3b64de') in 0.002550 seconds
  Import took 0.006652 seconds .

========================================================================
Received Import Request.
  Time since last request: 8.792581 seconds.
  path: Assets/Prefabs
  artifactKey: Guid(833f6d5654d859c42bfbbf2a19bbdb7d) Importer(815301076,1909f56bfc062723c751e8b465ee728b)
Start importing Assets/Prefabs using Guid(833f6d5654d859c42bfbbf2a19bbdb7d) Importer(815301076,1909f56bfc062723c751e8b465ee728b)  -> (artifact id: '11cb754cb5d3ad14c7262ba343568e33') in 0.003009 seconds
  Import took 0.008128 seconds .

========================================================================
Received Import Request.
  Time since last request: 0.003142 seconds.
  path: Assets/Prefabs
  artifactKey: Guid(833f6d5654d859c42bfbbf2a19bbdb7d) Importer(815301076,1909f56bfc062723c751e8b465ee728b)
Start importing Assets/Prefabs using Guid(833f6d5654d859c42bfbbf2a19bbdb7d) Importer(815301076,1909f56bfc062723c751e8b465ee728b)  -> (artifact id: '11cb754cb5d3ad14c7262ba343568e33') in 0.001928 seconds
  Import took 0.005725 seconds .

========================================================================
Received Import Request.
  Time since last request: 195.148761 seconds.
  path: Assets/Prefabs/Cube.prefab
  artifactKey: Guid(a7793d23b7a99f842bcdcd0d44713dc0) Importer(815301076,1909f56bfc062723c751e8b465ee728b)
Start importing Assets/Prefabs/Cube.prefab using Guid(a7793d23b7a99f842bcdcd0d44713dc0) Importer(815301076,1909f56bfc062723c751e8b465ee728b)  -> (artifact id: '07a5e86253ce4c14815dc51e01432998') in 0.008963 seconds
  Import took 0.014151 seconds .

========================================================================
Received Import Request.
  Time since last request: 0.000282 seconds.
  path: Assets/Prefabs/Sphere.prefab
  artifactKey: Guid(88c83059c47955146bb2e9f49ca6f03a) Importer(815301076,1909f56bfc062723c751e8b465ee728b)
Start importing Assets/Prefabs/Sphere.prefab using Guid(88c83059c47955146bb2e9f49ca6f03a) Importer(815301076,1909f56bfc062723c751e8b465ee728b)  -> (artifact id: '82aaae5944d2a5ea9ef85ce7c29a8066') in 0.008414 seconds
  Import took 0.012451 seconds .

========================================================================
Received Import Request.
  Time since last request: 0.000427 seconds.
  path: Assets/Prefabs/Person.prefab
  artifactKey: Guid(5892321a0462c484fb3b5f037bc8f86b) Importer(815301076,1909f56bfc062723c751e8b465ee728b)
Start importing Assets/Prefabs/Person.prefab using Guid(5892321a0462c484fb3b5f037bc8f86b) Importer(815301076,1909f56bfc062723c751e8b465ee728b)  -> (artifact id: '380e534d53cd54473ae2f2d9ba82420d') in 0.035592 seconds
  Import took 0.039437 seconds .

========================================================================
Received Import Request.
  Time since last request: 0.000303 seconds.
  path: Assets/Prefabs/MirrorCube.prefab
  artifactKey: Guid(2452659566ba7f54ba33a8272b763545) Importer(815301076,1909f56bfc062723c751e8b465ee728b)
Start importing Assets/Prefabs/MirrorCube.prefab using Guid(2452659566ba7f54ba33a8272b763545) Importer(815301076,1909f56bfc062723c751e8b465ee728b)  -> (artifact id: '7b95153a7d63ccd39910013d663ac83e') in 0.029737 seconds
  Import took 0.033813 seconds .

========================================================================
Received Import Request.
  Time since last request: 8.082666 seconds.
  path: Assets/Prefabs/Cube.prefab
  artifactKey: Guid(a7793d23b7a99f842bcdcd0d44713dc0) Importer(815301076,1909f56bfc062723c751e8b465ee728b)
Start importing Assets/Prefabs/Cube.prefab using Guid(a7793d23b7a99f842bcdcd0d44713dc0) Importer(815301076,1909f56bfc062723c751e8b465ee728b)  -> (artifact id: '1530ee7ab83ad32a6d82154f584b6120') in 0.013906 seconds
  Import took 0.017617 seconds .

========================================================================
Received Import Request.
  Time since last request: 0.000261 seconds.
  path: Assets/Prefabs/Sphere.prefab
  artifactKey: Guid(88c83059c47955146bb2e9f49ca6f03a) Importer(815301076,1909f56bfc062723c751e8b465ee728b)
Start importing Assets/Prefabs/Sphere.prefab using Guid(88c83059c47955146bb2e9f49ca6f03a) Importer(815301076,1909f56bfc062723c751e8b465ee728b)  -> (artifact id: '8618cce4409aabb5ab478882f1c2ebce') in 0.014910 seconds
  Import took 0.018687 seconds .

========================================================================
Received Import Request.
  Time since last request: 0.000353 seconds.
  path: Assets/Prefabs/Person.prefab
  artifactKey: Guid(5892321a0462c484fb3b5f037bc8f86b) Importer(815301076,1909f56bfc062723c751e8b465ee728b)
Start importing Assets/Prefabs/Person.prefab using Guid(5892321a0462c484fb3b5f037bc8f86b) Importer(815301076,1909f56bfc062723c751e8b465ee728b)  -> (artifact id: '67e8c32f40ebf8ca38c524b02dff2a2e') in 0.025269 seconds
  Import took 0.029099 seconds .

========================================================================
Received Import Request.
  Time since last request: 0.000267 seconds.
  path: Assets/Prefabs/MirrorCube.prefab
  artifactKey: Guid(2452659566ba7f54ba33a8272b763545) Importer(815301076,1909f56bfc062723c751e8b465ee728b)
Start importing Assets/Prefabs/MirrorCube.prefab using Guid(2452659566ba7f54ba33a8272b763545) Importer(815301076,1909f56bfc062723c751e8b465ee728b)  -> (artifact id: '18be5e7910fc2ae62b5161e63abf8384') in 0.030106 seconds
  Import took 0.034250 seconds .

========================================================================
Received Prepare
Registering precompiled user dll's ...
Registered in 0.004407 seconds.
Begin MonoManager ReloadAssembly
Native extension for WindowsStandalone target not found
Refreshing native plugins compatible for Editor in 0.45 ms, found 2 plugins.
Preloading 0 native plugins for Editor in 0.00 ms.
Mono: successfully reloaded assembly
- Completed reload, in  1.020 seconds
Platform modules already initialized, skipping
Shader 'Universal Render Pipeline/Particles/Lit': fallback shader 'Universal Render Pipeline/Particles/SimpleLit' not found
Shader 'Universal Render Pipeline/Particles/Lit': fallback shader 'Universal Render Pipeline/Particles/SimpleLit' not found
Refreshing native plugins compatible for Editor in 0.69 ms, found 2 plugins.
Preloading 0 native plugins for Editor in 0.00 ms.
Unloading 2620 Unused Serialized files (Serialized files now loaded: 0)
System memory in use before: 124.0 MB.
System memory in use after: 121.3 MB.

Unloading 50 unused Assets to reduce memory usage. Loaded Objects now: 3227.
Total: 3.722100 ms (FindLiveObjects: 0.247600 ms CreateObjectMapping: 0.107500 ms MarkObjects: 1.729600 ms  DeleteObjects: 1.636300 ms)

========================================================================
Received Prepare
Registering precompiled user dll's ...
Registered in 0.004782 seconds.
Begin MonoManager ReloadAssembly
Native extension for WindowsStandalone target not found
Refreshing native plugins compatible for Editor in 0.44 ms, found 2 plugins.
Preloading 0 native plugins for Editor in 0.00 ms.
Mono: successfully reloaded assembly
- Completed reload, in  0.966 seconds
Platform modules already initialized, skipping
Shader 'Universal Render Pipeline/Particles/Lit': fallback shader 'Universal Render Pipeline/Particles/SimpleLit' not found
Shader 'Universal Render Pipeline/Particles/Lit': fallback shader 'Universal Render Pipeline/Particles/SimpleLit' not found
Refreshing native plugins compatible for Editor in 0.50 ms, found 2 plugins.
Preloading 0 native plugins for Editor in 0.00 ms.
Unloading 2620 Unused Serialized files (Serialized files now loaded: 0)
System memory in use before: 124.0 MB.
System memory in use after: 121.3 MB.

Unloading 50 unused Assets to reduce memory usage. Loaded Objects now: 3230.
Total: 4.930500 ms (FindLiveObjects: 0.244300 ms CreateObjectMapping: 0.116300 ms MarkObjects: 2.623500 ms  DeleteObjects: 1.945300 ms)

========================================================================
Received Prepare
Registering precompiled user dll's ...
Registered in 0.003539 seconds.
Begin MonoManager ReloadAssembly
Native extension for WindowsStandalone target not found
Refreshing native plugins compatible for Editor in 0.76 ms, found 2 plugins.
Preloading 0 native plugins for Editor in 0.00 ms.
Mono: successfully reloaded assembly
- Completed reload, in  0.946 seconds
Platform modules already initialized, skipping
Shader 'Universal Render Pipeline/Particles/Lit': fallback shader 'Universal Render Pipeline/Particles/SimpleLit' not found
Shader 'Universal Render Pipeline/Particles/Lit': fallback shader 'Universal Render Pipeline/Particles/SimpleLit' not found
Refreshing native plugins compatible for Editor in 0.57 ms, found 2 plugins.
Preloading 0 native plugins for Editor in 0.00 ms.
Unloading 2620 Unused Serialized files (Serialized files now loaded: 0)
System memory in use before: 124.0 MB.
System memory in use after: 121.3 MB.

Unloading 50 unused Assets to reduce memory usage. Loaded Objects now: 3233.
Total: 3.556900 ms (FindLiveObjects: 0.252000 ms CreateObjectMapping: 0.162200 ms MarkObjects: 1.786600 ms  DeleteObjects: 1.355300 ms)

========================================================================
Received Prepare
Registering precompiled user dll's ...
Registered in 0.003517 seconds.
Begin MonoManager ReloadAssembly
Native extension for WindowsStandalone target not found
Refreshing native plugins compatible for Editor in 0.43 ms, found 2 plugins.
Preloading 0 native plugins for Editor in 0.00 ms.
Mono: successfully reloaded assembly
- Completed reload, in  0.958 seconds
Platform modules already initialized, skipping
Shader 'Universal Render Pipeline/Particles/Lit': fallback shader 'Universal Render Pipeline/Particles/SimpleLit' not found
Shader 'Universal Render Pipeline/Particles/Lit': fallback shader 'Universal Render Pipeline/Particles/SimpleLit' not found
Refreshing native plugins compatible for Editor in 0.50 ms, found 2 plugins.
Preloading 0 native plugins for Editor in 0.00 ms.
Unloading 2620 Unused Serialized files (Serialized files now loaded: 0)
System memory in use before: 124.1 MB.
System memory in use after: 121.3 MB.

Unloading 50 unused Assets to reduce memory usage. Loaded Objects now: 3236.
Total: 4.197400 ms (FindLiveObjects: 0.321600 ms CreateObjectMapping: 0.123500 ms MarkObjects: 1.726400 ms  DeleteObjects: 2.024800 ms)

========================================================================
Received Prepare
Registering precompiled user dll's ...
Registered in 0.004758 seconds.
Begin MonoManager ReloadAssembly
Native extension for WindowsStandalone target not found
Refreshing native plugins compatible for Editor in 0.60 ms, found 2 plugins.
Preloading 0 native plugins for Editor in 0.00 ms.
Mono: successfully reloaded assembly
- Completed reload, in  0.994 seconds
Platform modules already initialized, skipping
Shader 'Universal Render Pipeline/Particles/Lit': fallback shader 'Universal Render Pipeline/Particles/SimpleLit' not found
Shader 'Universal Render Pipeline/Particles/Lit': fallback shader 'Universal Render Pipeline/Particles/SimpleLit' not found
Refreshing native plugins compatible for Editor in 0.45 ms, found 2 plugins.
Preloading 0 native plugins for Editor in 0.00 ms.
Unloading 2620 Unused Serialized files (Serialized files now loaded: 0)
System memory in use before: 124.1 MB.
System memory in use after: 121.3 MB.

Unloading 50 unused Assets to reduce memory usage. Loaded Objects now: 3239.
Total: 5.143100 ms (FindLiveObjects: 0.419500 ms CreateObjectMapping: 0.264400 ms MarkObjects: 2.050800 ms  DeleteObjects: 2.406500 ms)

========================================================================
Received Prepare
Registering precompiled user dll's ...
Registered in 0.003924 seconds.
Begin MonoManager ReloadAssembly
Native extension for WindowsStandalone target not found
Refreshing native plugins compatible for Editor in 0.50 ms, found 2 plugins.
Preloading 0 native plugins for Editor in 0.00 ms.
Mono: successfully reloaded assembly
- Completed reload, in  0.941 seconds
Platform modules already initialized, skipping
Shader 'Universal Render Pipeline/Particles/Lit': fallback shader 'Universal Render Pipeline/Particles/SimpleLit' not found
Shader 'Universal Render Pipeline/Particles/Lit': fallback shader 'Universal Render Pipeline/Particles/SimpleLit' not found
Refreshing native plugins compatible for Editor in 0.45 ms, found 2 plugins.
Preloading 0 native plugins for Editor in 0.00 ms.
Unloading 2620 Unused Serialized files (Serialized files now loaded: 0)
System memory in use before: 124.1 MB.
System memory in use after: 121.3 MB.

Unloading 50 unused Assets to reduce memory usage. Loaded Objects now: 3242.
Total: 4.197400 ms (FindLiveObjects: 0.282400 ms CreateObjectMapping: 0.127000 ms MarkObjects: 1.973500 ms  DeleteObjects: 1.813300 ms)

========================================================================
Received Prepare
Registering precompiled user dll's ...
Registered in 0.004610 seconds.
Begin MonoManager ReloadAssembly
Native extension for WindowsStandalone target not found
Refreshing native plugins compatible for Editor in 0.57 ms, found 2 plugins.
Preloading 0 native plugins for Editor in 0.00 ms.
Mono: successfully reloaded assembly
- Completed reload, in  0.926 seconds
Platform modules already initialized, skipping
Shader 'Universal Render Pipeline/Particles/Lit': fallback shader 'Universal Render Pipeline/Particles/SimpleLit' not found
Shader 'Universal Render Pipeline/Particles/Lit': fallback shader 'Universal Render Pipeline/Particles/SimpleLit' not found
Refreshing native plugins compatible for Editor in 0.47 ms, found 2 plugins.
Preloading 0 native plugins for Editor in 0.00 ms.
Unloading 2620 Unused Serialized files (Serialized files now loaded: 0)
System memory in use before: 124.1 MB.
System memory in use after: 121.3 MB.

Unloading 50 unused Assets to reduce memory usage. Loaded Objects now: 3245.
Total: 3.870800 ms (FindLiveObjects: 0.316000 ms CreateObjectMapping: 0.211400 ms MarkObjects: 1.940600 ms  DeleteObjects: 1.401200 ms)

========================================================================
Received Prepare
Registering precompiled user dll's ...
Registered in 0.004324 seconds.
Begin MonoManager ReloadAssembly
Native extension for WindowsStandalone target not found
Refreshing native plugins compatible for Editor in 0.44 ms, found 2 plugins.
Preloading 0 native plugins for Editor in 0.00 ms.
Mono: successfully reloaded assembly
- Completed reload, in  0.928 seconds
Platform modules already initialized, skipping
Shader 'Universal Render Pipeline/Particles/Lit': fallback shader 'Universal Render Pipeline/Particles/SimpleLit' not found
Shader 'Universal Render Pipeline/Particles/Lit': fallback shader 'Universal Render Pipeline/Particles/SimpleLit' not found
Refreshing native plugins compatible for Editor in 0.46 ms, found 2 plugins.
Preloading 0 native plugins for Editor in 0.00 ms.
Unloading 2620 Unused Serialized files (Serialized files now loaded: 0)
System memory in use before: 124.1 MB.
System memory in use after: 121.3 MB.

Unloading 50 unused Assets to reduce memory usage. Loaded Objects now: 3248.
Total: 3.962500 ms (FindLiveObjects: 0.307800 ms CreateObjectMapping: 0.151800 ms MarkObjects: 1.882500 ms  DeleteObjects: 1.619100 ms)

========================================================================
Received Prepare
Registering precompiled user dll's ...
Registered in 0.003834 seconds.
Begin MonoManager ReloadAssembly
Native extension for WindowsStandalone target not found
Refreshing native plugins compatible for Editor in 0.51 ms, found 2 plugins.
Preloading 0 native plugins for Editor in 0.00 ms.
Mono: successfully reloaded assembly
- Completed reload, in  0.949 seconds
Platform modules already initialized, skipping
Shader 'Universal Render Pipeline/Particles/Lit': fallback shader 'Universal Render Pipeline/Particles/SimpleLit' not found
Shader 'Universal Render Pipeline/Particles/Lit': fallback shader 'Universal Render Pipeline/Particles/SimpleLit' not found
Refreshing native plugins compatible for Editor in 0.51 ms, found 2 plugins.
Preloading 0 native plugins for Editor in 0.00 ms.
Unloading 2620 Unused Serialized files (Serialized files now loaded: 0)
System memory in use before: 124.1 MB.
System memory in use after: 121.3 MB.

Unloading 50 unused Assets to reduce memory usage. Loaded Objects now: 3251.
Total: 3.701200 ms (FindLiveObjects: 0.261700 ms CreateObjectMapping: 0.143500 ms MarkObjects: 1.756700 ms  DeleteObjects: 1.538100 ms)

========================================================================
Received Prepare
Registering precompiled user dll's ...
Registered in 0.003379 seconds.
Begin MonoManager ReloadAssembly
Native extension for WindowsStandalone target not found
Refreshing native plugins compatible for Editor in 0.44 ms, found 2 plugins.
Preloading 0 native plugins for Editor in 0.00 ms.
Mono: successfully reloaded assembly
- Completed reload, in  0.917 seconds
Platform modules already initialized, skipping
Shader 'Universal Render Pipeline/Particles/Lit': fallback shader 'Universal Render Pipeline/Particles/SimpleLit' not found
Shader 'Universal Render Pipeline/Particles/Lit': fallback shader 'Universal Render Pipeline/Particles/SimpleLit' not found
Refreshing native plugins compatible for Editor in 0.46 ms, found 2 plugins.
Preloading 0 native plugins for Editor in 0.00 ms.
Unloading 2620 Unused Serialized files (Serialized files now loaded: 0)
System memory in use before: 124.1 MB.
System memory in use after: 121.3 MB.

Unloading 50 unused Assets to reduce memory usage. Loaded Objects now: 3254.
Total: 3.330500 ms (FindLiveObjects: 0.245900 ms CreateObjectMapping: 0.114800 ms MarkObjects: 1.673600 ms  DeleteObjects: 1.295200 ms)

========================================================================
Received Prepare
Registering precompiled user dll's ...
Registered in 0.003765 seconds.
Begin MonoManager ReloadAssembly
Native extension for WindowsStandalone target not found
Refreshing native plugins compatible for Editor in 0.47 ms, found 2 plugins.
Preloading 0 native plugins for Editor in 0.00 ms.
Mono: successfully reloaded assembly
- Completed reload, in  0.909 seconds
Platform modules already initialized, skipping
Shader 'Universal Render Pipeline/Particles/Lit': fallback shader 'Universal Render Pipeline/Particles/SimpleLit' not found
Shader 'Universal Render Pipeline/Particles/Lit': fallback shader 'Universal Render Pipeline/Particles/SimpleLit' not found
Refreshing native plugins compatible for Editor in 0.49 ms, found 2 plugins.
Preloading 0 native plugins for Editor in 0.00 ms.
Unloading 2620 Unused Serialized files (Serialized files now loaded: 0)
System memory in use before: 124.1 MB.
System memory in use after: 121.3 MB.

Unloading 50 unused Assets to reduce memory usage. Loaded Objects now: 3257.
Total: 4.383200 ms (FindLiveObjects: 0.290600 ms CreateObjectMapping: 0.128500 ms MarkObjects: 2.090500 ms  DeleteObjects: 1.872500 ms)

========================================================================
Received Prepare
Registering precompiled user dll's ...
Registered in 0.003433 seconds.
Begin MonoManager ReloadAssembly
Native extension for WindowsStandalone target not found
Refreshing native plugins compatible for Editor in 0.44 ms, found 2 plugins.
Preloading 0 native plugins for Editor in 0.00 ms.
Mono: successfully reloaded assembly
- Completed reload, in  0.906 seconds
Platform modules already initialized, skipping
Shader 'Universal Render Pipeline/Particles/Lit': fallback shader 'Universal Render Pipeline/Particles/SimpleLit' not found
Shader 'Universal Render Pipeline/Particles/Lit': fallback shader 'Universal Render Pipeline/Particles/SimpleLit' not found
Refreshing native plugins compatible for Editor in 0.45 ms, found 2 plugins.
Preloading 0 native plugins for Editor in 0.00 ms.
Unloading 2620 Unused Serialized files (Serialized files now loaded: 0)
System memory in use before: 124.1 MB.
System memory in use after: 121.3 MB.

Unloading 50 unused Assets to reduce memory usage. Loaded Objects now: 3260.
Total: 3.567300 ms (FindLiveObjects: 0.241100 ms CreateObjectMapping: 0.102600 ms MarkObjects: 1.939700 ms  DeleteObjects: 1.282900 ms)

========================================================================
Received Prepare
Registering precompiled user dll's ...
Registered in 0.004001 seconds.
Begin MonoManager ReloadAssembly
Native extension for WindowsStandalone target not found
Refreshing native plugins compatible for Editor in 0.50 ms, found 2 plugins.
Preloading 0 native plugins for Editor in 0.00 ms.
Mono: successfully reloaded assembly
- Completed reload, in  0.948 seconds
Platform modules already initialized, skipping
Shader 'Universal Render Pipeline/Particles/Lit': fallback shader 'Universal Render Pipeline/Particles/SimpleLit' not found
Shader 'Universal Render Pipeline/Particles/Lit': fallback shader 'Universal Render Pipeline/Particles/SimpleLit' not found
Refreshing native plugins compatible for Editor in 0.66 ms, found 2 plugins.
Preloading 0 native plugins for Editor in 0.00 ms.
Unloading 2620 Unused Serialized files (Serialized files now loaded: 0)
System memory in use before: 124.2 MB.
System memory in use after: 121.3 MB.

Unloading 50 unused Assets to reduce memory usage. Loaded Objects now: 3263.
Total: 3.610900 ms (FindLiveObjects: 0.264700 ms CreateObjectMapping: 0.113400 ms MarkObjects: 1.848300 ms  DeleteObjects: 1.383700 ms)

========================================================================
Received Prepare
Registering precompiled user dll's ...
Registered in 0.003890 seconds.
Begin MonoManager ReloadAssembly
Native extension for WindowsStandalone target not found
Refreshing native plugins compatible for Editor in 0.63 ms, found 2 plugins.
Preloading 0 native plugins for Editor in 0.00 ms.
Mono: successfully reloaded assembly
- Completed reload, in  0.996 seconds
Platform modules already initialized, skipping
Shader 'Universal Render Pipeline/Particles/Lit': fallback shader 'Universal Render Pipeline/Particles/SimpleLit' not found
Shader 'Universal Render Pipeline/Particles/Lit': fallback shader 'Universal Render Pipeline/Particles/SimpleLit' not found
Refreshing native plugins compatible for Editor in 0.52 ms, found 2 plugins.
Preloading 0 native plugins for Editor in 0.00 ms.
Unloading 2620 Unused Serialized files (Serialized files now loaded: 0)
System memory in use before: 124.1 MB.
System memory in use after: 121.4 MB.

Unloading 50 unused Assets to reduce memory usage. Loaded Objects now: 3266.
Total: 3.754400 ms (FindLiveObjects: 0.300900 ms CreateObjectMapping: 0.142000 ms MarkObjects: 1.888500 ms  DeleteObjects: 1.422100 ms)

========================================================================
Received Prepare
Registering precompiled user dll's ...
Registered in 0.003718 seconds.
Begin MonoManager ReloadAssembly
Native extension for WindowsStandalone target not found
Refreshing native plugins compatible for Editor in 0.48 ms, found 2 plugins.
Preloading 0 native plugins for Editor in 0.00 ms.
Mono: successfully reloaded assembly
- Completed reload, in  0.974 seconds
Platform modules already initialized, skipping
Shader 'Universal Render Pipeline/Particles/Lit': fallback shader 'Universal Render Pipeline/Particles/SimpleLit' not found
Shader 'Universal Render Pipeline/Particles/Lit': fallback shader 'Universal Render Pipeline/Particles/SimpleLit' not found
Refreshing native plugins compatible for Editor in 0.48 ms, found 2 plugins.
Preloading 0 native plugins for Editor in 0.00 ms.
Unloading 2620 Unused Serialized files (Serialized files now loaded: 0)
System memory in use before: 124.1 MB.
System memory in use after: 121.4 MB.

Unloading 50 unused Assets to reduce memory usage. Loaded Objects now: 3269.
Total: 3.699600 ms (FindLiveObjects: 0.289600 ms CreateObjectMapping: 0.132300 ms MarkObjects: 1.935800 ms  DeleteObjects: 1.341100 ms)

========================================================================
Received Import Request.
  Time since last request: 3135.061323 seconds.
  path: Assets/Prefabs/Sphere.prefab
  artifactKey: Guid(88c83059c47955146bb2e9f49ca6f03a) Importer(815301076,1909f56bfc062723c751e8b465ee728b)
Start importing Assets/Prefabs/Sphere.prefab using Guid(88c83059c47955146bb2e9f49ca6f03a) Importer(815301076,1909f56bfc062723c751e8b465ee728b)  -> (artifact id: '22788855133e1967d08d620136723470') in 0.141240 seconds
  Import took 0.144994 seconds .

========================================================================
Received Import Request.
  Time since last request: 0.000296 seconds.
  path: Assets/Prefabs/Person.prefab
  artifactKey: Guid(5892321a0462c484fb3b5f037bc8f86b) Importer(815301076,1909f56bfc062723c751e8b465ee728b)
Start importing Assets/Prefabs/Person.prefab using Guid(5892321a0462c484fb3b5f037bc8f86b) Importer(815301076,1909f56bfc062723c751e8b465ee728b)  -> (artifact id: 'd8140f63ee2b81d51afa39082bdf512c') in 0.007864 seconds
  Import took 0.011932 seconds .

========================================================================
Received Import Request.
  Time since last request: 0.000416 seconds.
  path: Assets/Prefabs/MirrorCube.prefab
  artifactKey: Guid(2452659566ba7f54ba33a8272b763545) Importer(815301076,1909f56bfc062723c751e8b465ee728b)
Start importing Assets/Prefabs/MirrorCube.prefab using Guid(2452659566ba7f54ba33a8272b763545) Importer(815301076,1909f56bfc062723c751e8b465ee728b)  -> (artifact id: 'c38365922e223991cc84b02acfaf019f') in 0.008509 seconds
  Import took 0.012438 seconds .

========================================================================
Received Import Request.
  Time since last request: 0.000264 seconds.
  path: Assets/Prefabs/Cube.prefab
  artifactKey: Guid(a7793d23b7a99f842bcdcd0d44713dc0) Importer(815301076,1909f56bfc062723c751e8b465ee728b)
Start importing Assets/Prefabs/Cube.prefab using Guid(a7793d23b7a99f842bcdcd0d44713dc0) Importer(815301076,1909f56bfc062723c751e8b465ee728b)  -> (artifact id: '032b5c0c298764a7fa4b167d5e6b45ad') in 0.017463 seconds
  Import took 0.021181 seconds .

========================================================================
Received Prepare
Registering precompiled user dll's ...
Registered in 0.003700 seconds.
Begin MonoManager ReloadAssembly
Native extension for WindowsStandalone target not found
Refreshing native plugins compatible for Editor in 0.44 ms, found 2 plugins.
Preloading 0 native plugins for Editor in 0.00 ms.
Mono: successfully reloaded assembly
- Completed reload, in  0.943 seconds
Platform modules already initialized, skipping
Shader 'Universal Render Pipeline/Particles/Lit': fallback shader 'Universal Render Pipeline/Particles/SimpleLit' not found
Shader 'Universal Render Pipeline/Particles/Lit': fallback shader 'Universal Render Pipeline/Particles/SimpleLit' not found
Refreshing native plugins compatible for Editor in 0.47 ms, found 2 plugins.
Preloading 0 native plugins for Editor in 0.00 ms.
Unloading 2620 Unused Serialized files (Serialized files now loaded: 0)
System memory in use before: 124.2 MB.
System memory in use after: 121.5 MB.

Unloading 50 unused Assets to reduce memory usage. Loaded Objects now: 3308.
Total: 7.581100 ms (FindLiveObjects: 0.286700 ms CreateObjectMapping: 0.115100 ms MarkObjects: 4.791000 ms  DeleteObjects: 2.386900 ms)

========================================================================
Received Prepare
Registering precompiled user dll's ...
Registered in 0.003751 seconds.
Begin MonoManager ReloadAssembly
Native extension for WindowsStandalone target not found
Refreshing native plugins compatible for Editor in 0.70 ms, found 2 plugins.
Preloading 0 native plugins for Editor in 0.00 ms.
Mono: successfully reloaded assembly
- Completed reload, in  0.982 seconds
Platform modules already initialized, skipping
Shader 'Universal Render Pipeline/Particles/Lit': fallback shader 'Universal Render Pipeline/Particles/SimpleLit' not found
Shader 'Universal Render Pipeline/Particles/Lit': fallback shader 'Universal Render Pipeline/Particles/SimpleLit' not found
Refreshing native plugins compatible for Editor in 0.47 ms, found 2 plugins.
Preloading 0 native plugins for Editor in 0.00 ms.
Unloading 2620 Unused Serialized files (Serialized files now loaded: 0)
System memory in use before: 124.3 MB.
System memory in use after: 121.5 MB.

Unloading 50 unused Assets to reduce memory usage. Loaded Objects now: 3311.
Total: 3.989200 ms (FindLiveObjects: 0.313400 ms CreateObjectMapping: 0.189000 ms MarkObjects: 1.865000 ms  DeleteObjects: 1.620300 ms)

========================================================================
Received Import Request.
  Time since last request: 708.069771 seconds.
  path: Assets/Prefabs/Cube.prefab
  artifactKey: Guid(a7793d23b7a99f842bcdcd0d44713dc0) Importer(815301076,1909f56bfc062723c751e8b465ee728b)
Start importing Assets/Prefabs/Cube.prefab using Guid(a7793d23b7a99f842bcdcd0d44713dc0) Importer(815301076,1909f56bfc062723c751e8b465ee728b)  -> (artifact id: '3501b7129976cab2ea736ec2da97c949') in 0.145302 seconds
  Import took 0.149526 seconds .

========================================================================
Received Import Request.
  Time since last request: 7.649934 seconds.
  path: Assets/Prefabs/MirrorCube.prefab
  artifactKey: Guid(2452659566ba7f54ba33a8272b763545) Importer(815301076,1909f56bfc062723c751e8b465ee728b)
Start importing Assets/Prefabs/MirrorCube.prefab using Guid(2452659566ba7f54ba33a8272b763545) Importer(815301076,1909f56bfc062723c751e8b465ee728b)  -> (artifact id: '0a86b2b8e61ecd6915d85554b2b90c57') in 0.008367 seconds
  Import took 0.013208 seconds .

========================================================================
Received Import Request.
  Time since last request: 17.347530 seconds.
  path: Assets/Prefabs/Person.prefab
  artifactKey: Guid(5892321a0462c484fb3b5f037bc8f86b) Importer(815301076,1909f56bfc062723c751e8b465ee728b)
Start importing Assets/Prefabs/Person.prefab using Guid(5892321a0462c484fb3b5f037bc8f86b) Importer(815301076,1909f56bfc062723c751e8b465ee728b)  -> (artifact id: 'd42e8627a6f10d3b50de7b6b3d450156') in 0.009350 seconds
  Import took 0.013811 seconds .

========================================================================
Received Import Request.
  Time since last request: 17.436127 seconds.
  path: Assets/Prefabs/Sphere.prefab
  artifactKey: Guid(88c83059c47955146bb2e9f49ca6f03a) Importer(815301076,1909f56bfc062723c751e8b465ee728b)
Start importing Assets/Prefabs/Sphere.prefab using Guid(88c83059c47955146bb2e9f49ca6f03a) Importer(815301076,1909f56bfc062723c751e8b465ee728b)  -> (artifact id: '98d3603e1b86862beaec2ef6a35704fc') in 0.011480 seconds
  Import took 0.016322 seconds .

========================================================================
Received Import Request.
  Time since last request: 6.118225 seconds.
  path: Assets/Prefabs/Sphere.prefab
  artifactKey: Guid(88c83059c47955146bb2e9f49ca6f03a) Importer(815301076,1909f56bfc062723c751e8b465ee728b)
Start importing Assets/Prefabs/Sphere.prefab using Guid(88c83059c47955146bb2e9f49ca6f03a) Importer(815301076,1909f56bfc062723c751e8b465ee728b)  -> (artifact id: '8336567b816520251dec7caa8636d462') in 0.016208 seconds
  Import took 0.020416 seconds .

========================================================================
Received Import Request.
  Time since last request: 2.464054 seconds.
  path: Assets/Prefabs/Person.prefab
  artifactKey: Guid(5892321a0462c484fb3b5f037bc8f86b) Importer(815301076,1909f56bfc062723c751e8b465ee728b)
Start importing Assets/Prefabs/Person.prefab using Guid(5892321a0462c484fb3b5f037bc8f86b) Importer(815301076,1909f56bfc062723c751e8b465ee728b)  -> (artifact id: '5cb02872d8d5c438dae0fef8c133e343') in 0.015074 seconds
  Import took 0.018932 seconds .

========================================================================
Received Prepare
Registering precompiled user dll's ...
Registered in 0.003582 seconds.
Begin MonoManager ReloadAssembly
Native extension for WindowsStandalone target not found
Refreshing native plugins compatible for Editor in 0.56 ms, found 2 plugins.
Preloading 0 native plugins for Editor in 0.00 ms.
Mono: successfully reloaded assembly
- Completed reload, in  1.047 seconds
Platform modules already initialized, skipping
Shader 'Universal Render Pipeline/Particles/Lit': fallback shader 'Universal Render Pipeline/Particles/SimpleLit' not found
Shader 'Universal Render Pipeline/Particles/Lit': fallback shader 'Universal Render Pipeline/Particles/SimpleLit' not found
Refreshing native plugins compatible for Editor in 0.48 ms, found 2 plugins.
Preloading 0 native plugins for Editor in 0.00 ms.
Unloading 2620 Unused Serialized files (Serialized files now loaded: 0)
System memory in use before: 124.5 MB.
System memory in use after: 121.7 MB.

Unloading 50 unused Assets to reduce memory usage. Loaded Objects now: 3350.
Total: 3.788400 ms (FindLiveObjects: 0.336600 ms CreateObjectMapping: 0.147100 ms MarkObjects: 1.908500 ms  DeleteObjects: 1.395300 ms)

========================================================================
Received Prepare
Registering precompiled user dll's ...
Registered in 0.003577 seconds.
Begin MonoManager ReloadAssembly
Native extension for WindowsStandalone target not found
Refreshing native plugins compatible for Editor in 0.53 ms, found 2 plugins.
Preloading 0 native plugins for Editor in 0.00 ms.
Mono: successfully reloaded assembly
- Completed reload, in  1.025 seconds
Platform modules already initialized, skipping
Shader 'Universal Render Pipeline/Particles/Lit': fallback shader 'Universal Render Pipeline/Particles/SimpleLit' not found
Shader 'Universal Render Pipeline/Particles/Lit': fallback shader 'Universal Render Pipeline/Particles/SimpleLit' not found
Refreshing native plugins compatible for Editor in 0.46 ms, found 2 plugins.
Preloading 0 native plugins for Editor in 0.00 ms.
Unloading 2620 Unused Serialized files (Serialized files now loaded: 0)
System memory in use before: 124.5 MB.
System memory in use after: 121.7 MB.

Unloading 50 unused Assets to reduce memory usage. Loaded Objects now: 3353.
Total: 4.189200 ms (FindLiveObjects: 0.285400 ms CreateObjectMapping: 0.133200 ms MarkObjects: 2.242500 ms  DeleteObjects: 1.526800 ms)

========================================================================
Received Prepare
Registering precompiled user dll's ...
Registered in 0.004134 seconds.
Begin MonoManager ReloadAssembly
Native extension for WindowsStandalone target not found
Refreshing native plugins compatible for Editor in 0.71 ms, found 2 plugins.
Preloading 0 native plugins for Editor in 0.00 ms.
Mono: successfully reloaded assembly
- Completed reload, in  0.999 seconds
Platform modules already initialized, skipping
Shader 'Universal Render Pipeline/Particles/Lit': fallback shader 'Universal Render Pipeline/Particles/SimpleLit' not found
Shader 'Universal Render Pipeline/Particles/Lit': fallback shader 'Universal Render Pipeline/Particles/SimpleLit' not found
Refreshing native plugins compatible for Editor in 0.45 ms, found 2 plugins.
Preloading 0 native plugins for Editor in 0.00 ms.
Unloading 2620 Unused Serialized files (Serialized files now loaded: 0)
System memory in use before: 124.6 MB.
System memory in use after: 121.8 MB.

Unloading 50 unused Assets to reduce memory usage. Loaded Objects now: 3356.
Total: 3.858100 ms (FindLiveObjects: 0.298600 ms CreateObjectMapping: 0.128700 ms MarkObjects: 1.831900 ms  DeleteObjects: 1.597400 ms)

========================================================================
Received Import Request.
  Time since last request: 165.653283 seconds.
  path: Assets/Scenes
  artifactKey: Guid(1414f8048882df444a489429d8c738d7) Importer(815301076,1909f56bfc062723c751e8b465ee728b)
Start importing Assets/Scenes using Guid(1414f8048882df444a489429d8c738d7) Importer(815301076,1909f56bfc062723c751e8b465ee728b)  -> (artifact id: '75b5b9204e36cac79ef9faa69e83425c') in 0.008299 seconds
  Import took 0.014091 seconds .

========================================================================
Received Import Request.
  Time since last request: 0.002149 seconds.
  path: Assets/Scenes
  artifactKey: Guid(1414f8048882df444a489429d8c738d7) Importer(815301076,1909f56bfc062723c751e8b465ee728b)
Start importing Assets/Scenes using Guid(1414f8048882df444a489429d8c738d7) Importer(815301076,1909f56bfc062723c751e8b465ee728b)  -> (artifact id: '75b5b9204e36cac79ef9faa69e83425c') in 0.003929 seconds
  Import took 0.008341 seconds .

========================================================================
Received Import Request.
  Time since last request: 10.233998 seconds.
  path: Assets/Scripts/ScoreKeeper.cs
  artifactKey: Guid(de209f1cc32134b42970542cfbba58d1) Importer(815301076,1909f56bfc062723c751e8b465ee728b)
Start importing Assets/Scripts/ScoreKeeper.cs using Guid(de209f1cc32134b42970542cfbba58d1) Importer(815301076,1909f56bfc062723c751e8b465ee728b)  -> (artifact id: '9b6bb73b6f10814ee90844e487581531') in 0.003632 seconds
  Import took 0.008459 seconds .

========================================================================
Received Prepare
Registering precompiled user dll's ...
Registered in 0.004771 seconds.
Begin MonoManager ReloadAssembly
Native extension for WindowsStandalone target not found
Refreshing native plugins compatible for Editor in 0.52 ms, found 2 plugins.
Preloading 0 native plugins for Editor in 0.00 ms.
Mono: successfully reloaded assembly
- Completed reload, in  1.012 seconds
Platform modules already initialized, skipping
Shader 'Universal Render Pipeline/Particles/Lit': fallback shader 'Universal Render Pipeline/Particles/SimpleLit' not found
Shader 'Universal Render Pipeline/Particles/Lit': fallback shader 'Universal Render Pipeline/Particles/SimpleLit' not found
Refreshing native plugins compatible for Editor in 0.49 ms, found 2 plugins.
Preloading 0 native plugins for Editor in 0.00 ms.
Unloading 2621 Unused Serialized files (Serialized files now loaded: 0)
System memory in use before: 124.5 MB.
System memory in use after: 121.8 MB.

Unloading 50 unused Assets to reduce memory usage. Loaded Objects now: 3360.
Total: 4.724300 ms (FindLiveObjects: 0.250000 ms CreateObjectMapping: 0.184900 ms MarkObjects: 2.222100 ms  DeleteObjects: 2.066300 ms)

========================================================================
Received Import Request.
  Time since last request: 117.685570 seconds.
  path: Assets/Scripts/ScoreKeeper.cs
  artifactKey: Guid(de209f1cc32134b42970542cfbba58d1) Importer(815301076,1909f56bfc062723c751e8b465ee728b)
Start importing Assets/Scripts/ScoreKeeper.cs using Guid(de209f1cc32134b42970542cfbba58d1) Importer(815301076,1909f56bfc062723c751e8b465ee728b)  -> (artifact id: 'fd5df92ec9d38d08c51fb077af86fb6a') in 0.009187 seconds
  Import took 0.013660 seconds .

========================================================================
Received Prepare
Registering precompiled user dll's ...
Registered in 0.003895 seconds.
Begin MonoManager ReloadAssembly
Native extension for WindowsStandalone target not found
Refreshing native plugins compatible for Editor in 0.55 ms, found 2 plugins.
Preloading 0 native plugins for Editor in 0.00 ms.
Mono: successfully reloaded assembly
- Completed reload, in  0.989 seconds
Platform modules already initialized, skipping
Shader 'Universal Render Pipeline/Particles/Lit': fallback shader 'Universal Render Pipeline/Particles/SimpleLit' not found
Shader 'Universal Render Pipeline/Particles/Lit': fallback shader 'Universal Render Pipeline/Particles/SimpleLit' not found
Refreshing native plugins compatible for Editor in 0.45 ms, found 2 plugins.
Preloading 0 native plugins for Editor in 0.00 ms.
Unloading 2621 Unused Serialized files (Serialized files now loaded: 0)
System memory in use before: 124.5 MB.
System memory in use after: 121.8 MB.

Unloading 50 unused Assets to reduce memory usage. Loaded Objects now: 3363.
Total: 4.745800 ms (FindLiveObjects: 0.272500 ms CreateObjectMapping: 0.123300 ms MarkObjects: 1.736500 ms  DeleteObjects: 2.612600 ms)

========================================================================
Received Prepare
Registering precompiled user dll's ...
Registered in 0.004724 seconds.
Begin MonoManager ReloadAssembly
Native extension for WindowsStandalone target not found
Refreshing native plugins compatible for Editor in 0.48 ms, found 2 plugins.
Preloading 0 native plugins for Editor in 0.00 ms.
Mono: successfully reloaded assembly
- Completed reload, in  0.983 seconds
Platform modules already initialized, skipping
Shader 'Universal Render Pipeline/Particles/Lit': fallback shader 'Universal Render Pipeline/Particles/SimpleLit' not found
Shader 'Universal Render Pipeline/Particles/Lit': fallback shader 'Universal Render Pipeline/Particles/SimpleLit' not found
Refreshing native plugins compatible for Editor in 0.45 ms, found 2 plugins.
Preloading 0 native plugins for Editor in 0.00 ms.
Unloading 2621 Unused Serialized files (Serialized files now loaded: 0)
System memory in use before: 124.5 MB.
System memory in use after: 121.8 MB.

Unloading 50 unused Assets to reduce memory usage. Loaded Objects now: 3366.
Total: 3.684700 ms (FindLiveObjects: 0.315000 ms CreateObjectMapping: 0.152400 ms MarkObjects: 1.837300 ms  DeleteObjects: 1.379000 ms)

========================================================================
Received Import Request.
  Time since last request: 139.899817 seconds.
  path: Assets/Prefabs/Sphere.prefab
  artifactKey: Guid(88c83059c47955146bb2e9f49ca6f03a) Importer(815301076,1909f56bfc062723c751e8b465ee728b)
Start importing Assets/Prefabs/Sphere.prefab using Guid(88c83059c47955146bb2e9f49ca6f03a) Importer(815301076,1909f56bfc062723c751e8b465ee728b)  -> (artifact id: 'f1f76c40ab1bb3494f60f3687c507e26') in 0.149079 seconds
  Import took 0.153423 seconds .

========================================================================
Received Import Request.
  Time since last request: 0.000240 seconds.
  path: Assets/Prefabs/Person.prefab
  artifactKey: Guid(5892321a0462c484fb3b5f037bc8f86b) Importer(815301076,1909f56bfc062723c751e8b465ee728b)
Start importing Assets/Prefabs/Person.prefab using Guid(5892321a0462c484fb3b5f037bc8f86b) Importer(815301076,1909f56bfc062723c751e8b465ee728b)  -> (artifact id: 'dcc9c6d1f11c4c7f6cad1c33f0a363c7') in 0.007465 seconds
  Import took 0.010999 seconds .

========================================================================
Received Import Request.
  Time since last request: 0.000342 seconds.
  path: Assets/Prefabs/MirrorCube.prefab
  artifactKey: Guid(2452659566ba7f54ba33a8272b763545) Importer(815301076,1909f56bfc062723c751e8b465ee728b)
Start importing Assets/Prefabs/MirrorCube.prefab using Guid(2452659566ba7f54ba33a8272b763545) Importer(815301076,1909f56bfc062723c751e8b465ee728b)  -> (artifact id: '74e229fcb446725933612f990a395fde') in 0.008446 seconds
  Import took 0.013474 seconds .

========================================================================
Received Import Request.
  Time since last request: 0.000449 seconds.
  path: Assets/Prefabs/Cube.prefab
  artifactKey: Guid(a7793d23b7a99f842bcdcd0d44713dc0) Importer(815301076,1909f56bfc062723c751e8b465ee728b)
Start importing Assets/Prefabs/Cube.prefab using Guid(a7793d23b7a99f842bcdcd0d44713dc0) Importer(815301076,1909f56bfc062723c751e8b465ee728b)  -> (artifact id: '87d707bdaf02c8d9542201372ba2b46b') in 0.010312 seconds
  Import took 0.014393 seconds .

========================================================================
Received Import Request.
  Time since last request: 0.000328 seconds.
  path: Assets/Prefabs/MirrorCube.prefab
  artifactKey: Guid(2452659566ba7f54ba33a8272b763545) Importer(815301076,1909f56bfc062723c751e8b465ee728b)
Start importing Assets/Prefabs/MirrorCube.prefab using Guid(2452659566ba7f54ba33a8272b763545) Importer(815301076,1909f56bfc062723c751e8b465ee728b)  -> (artifact id: '74e229fcb446725933612f990a395fde') in 0.030196 seconds
  Import took 0.034843 seconds .

========================================================================
Received Import Request.
  Time since last request: 40.891236 seconds.
  path: Assets/Prefabs/Cube.prefab
  artifactKey: Guid(a7793d23b7a99f842bcdcd0d44713dc0) Importer(815301076,1909f56bfc062723c751e8b465ee728b)
Start importing Assets/Prefabs/Cube.prefab using Guid(a7793d23b7a99f842bcdcd0d44713dc0) Importer(815301076,1909f56bfc062723c751e8b465ee728b)  -> (artifact id: '457d03b8ffe45afe36bc9e5af71bb4b4') in 0.009067 seconds
  Import took 0.012890 seconds .

========================================================================
Received Import Request.
  Time since last request: 3.474100 seconds.
  path: Assets/Prefabs/MirrorCube.prefab
  artifactKey: Guid(2452659566ba7f54ba33a8272b763545) Importer(815301076,1909f56bfc062723c751e8b465ee728b)
Start importing Assets/Prefabs/MirrorCube.prefab using Guid(2452659566ba7f54ba33a8272b763545) Importer(815301076,1909f56bfc062723c751e8b465ee728b)  -> (artifact id: 'da4b2c46ef4fe48e3a23122f07f6aca4') in 0.009129 seconds
  Import took 0.012791 seconds .

========================================================================
Received Import Request.
  Time since last request: 4.087395 seconds.
  path: Assets/Prefabs/Person.prefab
  artifactKey: Guid(5892321a0462c484fb3b5f037bc8f86b) Importer(815301076,1909f56bfc062723c751e8b465ee728b)
Start importing Assets/Prefabs/Person.prefab using Guid(5892321a0462c484fb3b5f037bc8f86b) Importer(815301076,1909f56bfc062723c751e8b465ee728b)  -> (artifact id: '2576e6b2ccbb0b4cc734286aef967a6d') in 0.007651 seconds
  Import took 0.012325 seconds .

========================================================================
Received Import Request.
  Time since last request: 3.913260 seconds.
  path: Assets/Prefabs/Sphere.prefab
  artifactKey: Guid(88c83059c47955146bb2e9f49ca6f03a) Importer(815301076,1909f56bfc062723c751e8b465ee728b)
Start importing Assets/Prefabs/Sphere.prefab using Guid(88c83059c47955146bb2e9f49ca6f03a) Importer(815301076,1909f56bfc062723c751e8b465ee728b)  -> (artifact id: 'f82c7203f2697729badcd1cc2e905936') in 0.010377 seconds
  Import took 0.014873 seconds .

========================================================================
Received Prepare
Registering precompiled user dll's ...
Registered in 0.003404 seconds.
Begin MonoManager ReloadAssembly
Native extension for WindowsStandalone target not found
Refreshing native plugins compatible for Editor in 0.49 ms, found 2 plugins.
Preloading 0 native plugins for Editor in 0.00 ms.
Mono: successfully reloaded assembly
- Completed reload, in  0.957 seconds
Platform modules already initialized, skipping
Shader 'Universal Render Pipeline/Particles/Lit': fallback shader 'Universal Render Pipeline/Particles/SimpleLit' not found
Shader 'Universal Render Pipeline/Particles/Lit': fallback shader 'Universal Render Pipeline/Particles/SimpleLit' not found
Refreshing native plugins compatible for Editor in 0.46 ms, found 2 plugins.
Preloading 0 native plugins for Editor in 0.00 ms.
Unloading 2621 Unused Serialized files (Serialized files now loaded: 0)
System memory in use before: 124.6 MB.
System memory in use after: 121.9 MB.

Unloading 50 unused Assets to reduce memory usage. Loaded Objects now: 3405.
Total: 3.778400 ms (FindLiveObjects: 0.281900 ms CreateObjectMapping: 0.144700 ms MarkObjects: 1.824700 ms  DeleteObjects: 1.526400 ms)

========================================================================
Received Prepare
Registering precompiled user dll's ...
Registered in 0.003834 seconds.
Begin MonoManager ReloadAssembly
Native extension for WindowsStandalone target not found
Refreshing native plugins compatible for Editor in 0.46 ms, found 2 plugins.
Preloading 0 native plugins for Editor in 0.00 ms.
Mono: successfully reloaded assembly
- Completed reload, in  0.965 seconds
Platform modules already initialized, skipping
Shader 'Universal Render Pipeline/Particles/Lit': fallback shader 'Universal Render Pipeline/Particles/SimpleLit' not found
Shader 'Universal Render Pipeline/Particles/Lit': fallback shader 'Universal Render Pipeline/Particles/SimpleLit' not found
Refreshing native plugins compatible for Editor in 0.71 ms, found 2 plugins.
Preloading 0 native plugins for Editor in 0.00 ms.
Unloading 2621 Unused Serialized files (Serialized files now loaded: 0)
System memory in use before: 124.7 MB.
System memory in use after: 121.9 MB.

Unloading 50 unused Assets to reduce memory usage. Loaded Objects now: 3408.
Total: 3.821100 ms (FindLiveObjects: 0.277600 ms CreateObjectMapping: 0.115600 ms MarkObjects: 2.002300 ms  DeleteObjects: 1.424600 ms)

========================================================================
Received Prepare
Registering precompiled user dll's ...
Registered in 0.003453 seconds.
Begin MonoManager ReloadAssembly
Native extension for WindowsStandalone target not found
Refreshing native plugins compatible for Editor in 0.48 ms, found 2 plugins.
Preloading 0 native plugins for Editor in 0.00 ms.
Mono: successfully reloaded assembly
- Completed reload, in  1.010 seconds
Platform modules already initialized, skipping
Shader 'Universal Render Pipeline/Particles/Lit': fallback shader 'Universal Render Pipeline/Particles/SimpleLit' not found
Shader 'Universal Render Pipeline/Particles/Lit': fallback shader 'Universal Render Pipeline/Particles/SimpleLit' not found
Refreshing native plugins compatible for Editor in 0.46 ms, found 2 plugins.
Preloading 0 native plugins for Editor in 0.00 ms.
Unloading 2621 Unused Serialized files (Serialized files now loaded: 0)
System memory in use before: 124.7 MB.
System memory in use after: 121.9 MB.

Unloading 50 unused Assets to reduce memory usage. Loaded Objects now: 3411.
Total: 4.064200 ms (FindLiveObjects: 0.263500 ms CreateObjectMapping: 0.124200 ms MarkObjects: 2.191100 ms  DeleteObjects: 1.484200 ms)

========================================================================
Received Prepare
Registering precompiled user dll's ...
Registered in 0.003564 seconds.
Begin MonoManager ReloadAssembly
Native extension for WindowsStandalone target not found
Refreshing native plugins compatible for Editor in 0.46 ms, found 2 plugins.
Preloading 0 native plugins for Editor in 0.00 ms.
Mono: successfully reloaded assembly
- Completed reload, in  1.140 seconds
Platform modules already initialized, skipping
Shader 'Universal Render Pipeline/Particles/Lit': fallback shader 'Universal Render Pipeline/Particles/SimpleLit' not found
Shader 'Universal Render Pipeline/Particles/Lit': fallback shader 'Universal Render Pipeline/Particles/SimpleLit' not found
Refreshing native plugins compatible for Editor in 0.57 ms, found 2 plugins.
Preloading 0 native plugins for Editor in 0.00 ms.
Unloading 2621 Unused Serialized files (Serialized files now loaded: 0)
System memory in use before: 124.7 MB.
System memory in use after: 121.9 MB.

Unloading 50 unused Assets to reduce memory usage. Loaded Objects now: 3414.
Total: 3.904500 ms (FindLiveObjects: 0.304400 ms CreateObjectMapping: 0.131500 ms MarkObjects: 2.064000 ms  DeleteObjects: 1.403300 ms)

========================================================================
Received Prepare
Registering precompiled user dll's ...
Registered in 0.003457 seconds.
Begin MonoManager ReloadAssembly
Native extension for WindowsStandalone target not found
Refreshing native plugins compatible for Editor in 0.43 ms, found 2 plugins.
Preloading 0 native plugins for Editor in 0.00 ms.
Mono: successfully reloaded assembly
- Completed reload, in  0.895 seconds
Platform modules already initialized, skipping
Shader 'Universal Render Pipeline/Particles/Lit': fallback shader 'Universal Render Pipeline/Particles/SimpleLit' not found
Shader 'Universal Render Pipeline/Particles/Lit': fallback shader 'Universal Render Pipeline/Particles/SimpleLit' not found
Refreshing native plugins compatible for Editor in 0.45 ms, found 2 plugins.
Preloading 0 native plugins for Editor in 0.00 ms.
Unloading 2621 Unused Serialized files (Serialized files now loaded: 0)
System memory in use before: 124.7 MB.
System memory in use after: 121.9 MB.

Unloading 50 unused Assets to reduce memory usage. Loaded Objects now: 3417.
Total: 3.831700 ms (FindLiveObjects: 0.286500 ms CreateObjectMapping: 0.112600 ms MarkObjects: 1.814100 ms  DeleteObjects: 1.617600 ms)

AssetImportWorkerClient::OnTransportError - code=2 error=End of file
